[2016-11-23 15:04:47] AlexandraQueryTrace.INFO: SELECT product_id, title, qty, price, categories FROM products [] []
[2019-04-03 18:53:51] AlexandraQueryTrace.INFO: SELECT product_id, title, qty, price, categories FROM products [] []
[2019-04-03 19:54:56] AlexandraQueryTrace.INFO: SELECT product_id, title, qty, price, categories FROM products [] []
[2019-04-04 13:17:42] AlexandraQueryTrace.INFO: SELECT product_id, title, qty, price, categories FROM products [] []
[2019-04-04 14:31:04] AlexandraQueryTrace.INFO: SELECT product_id, title, qty, price, categories FROM products [] []
[2019-04-04 19:42:04] AlexandraQueryTrace.INFO: SELECT product_id, title, qty, price, categories FROM products [] []
[2019-04-04 19:56:20] AlexandraQueryTrace.INFO: SELECT product_id, title, qty, price, categories FROM products [] []
[2019-04-05 12:19:58] AlexandraQueryTrace.INFO: SELECT product_id, title, qty, price, categories FROM products [] []
[2019-04-05 12:47:36] AlexandraQueryTrace.INFO: SELECT product_id, title, qty, price, categories FROM products [] []
[2019-04-05 13:00:30] AlexandraQueryTrace.INFO: SELECT product_id, title, qty, price, categories FROM products [] []
[2019-04-05 13:07:58] AlexandraQueryTrace.INFO: SELECT product_id, title, qty, price, categories FROM products [] []
[2019-04-05 13:21:46] AlexandraQueryTrace.INFO: SELECT product_id, title, qty, price, categories FROM products [] []
[2019-04-05 13:27:54] AlexandraQueryTrace.INFO: SELECT product_id, title, qty, price, categories FROM products [] []
[2019-04-05 13:29:36] AlexandraQueryTrace.INFO: SELECT product_id, title, qty, price, categories FROM products [] []
[2019-04-05 13:29:57] AlexandraQueryTrace.INFO: SELECT product_id, title, qty, price, categories FROM products [] []
[2019-04-05 13:31:41] AlexandraQueryTrace.INFO: SELECT product_id, title, qty, price, categories FROM products [] []
[2019-04-05 13:34:32] AlexandraQueryTrace.INFO: SELECT product_id, title, qty, price, categories FROM products [] []
[2019-04-05 13:35:27] AlexandraQueryTrace.INFO: SELECT product_id, title, qty, price, categories FROM products [] []
[2019-04-05 13:36:27] AlexandraQueryTrace.INFO: SELECT product_id, title, qty, price, categories FROM products [] []
[2019-04-05 13:37:27] AlexandraQueryTrace.INFO: SELECT product_id, title, qty, price, categories FROM products [] []
[2019-04-05 13:38:26] AlexandraQueryTrace.INFO: SELECT product_id, title, qty, price, categories FROM products [] []
[2019-04-05 13:39:36] AlexandraQueryTrace.INFO: SELECT product_id, title, qty, price, categories FROM products [] []
[2019-04-05 13:41:29] AlexandraQueryTrace.INFO: SELECT product_id, title, qty, price, categories FROM products [] []
[2019-04-05 13:42:51] AlexandraQueryTrace.INFO: SELECT product_id, title, qty, price, categories FROM products [] []
[2019-04-05 13:47:15] AlexandraQueryTrace.INFO: SELECT product_id, title, qty, price, categories FROM products [] []
[2019-04-05 13:49:22] AlexandraQueryTrace.INFO: SELECT product_id, title, qty, price, categories FROM products [] []
[2019-04-05 13:53:11] AlexandraQueryTrace.INFO: SELECT product_id, title, qty, price, categories FROM products [] []
[2019-04-05 14:05:58] AlexandraQueryTrace.INFO: SELECT product_id, title, qty, price, categories FROM products [] []
[2019-04-06 06:37:06] AlexandraQueryTrace.INFO: SELECT product_id, title, qty, price, categories FROM products [] []
[2019-04-06 06:39:46] AlexandraQueryTrace.INFO: SELECT product_id, title, qty, price, categories FROM products [] []
[2019-04-06 07:02:00] AlexandraQueryTrace.INFO: SELECT product_id, title, qty, price, categories FROM products [] []
[2019-04-06 07:04:42] AlexandraQueryTrace.INFO: SELECT product_id, title, qty, price, categories FROM products [] []
[2019-04-06 07:06:36] AlexandraQueryTrace.INFO: SELECT product_id, title, qty, price, categories FROM products [] []
[2019-04-06 07:07:11] AlexandraQueryTrace.INFO: SELECT product_id, title, qty, price, categories FROM products [] []
[2019-04-06 07:12:37] AlexandraQueryTrace.INFO: SELECT product_id, title, qty, price, categories FROM products [] []
[2019-04-06 07:14:22] AlexandraQueryTrace.INFO: SELECT product_id, title, qty, price, categories FROM products [] []
[2019-04-06 07:14:41] AlexandraQueryTrace.INFO: SELECT product_id, title, qty, price, categories FROM products [] []
[2019-04-06 07:24:48] AlexandraQueryTrace.INFO: SELECT product_id, title, qty, price, categories FROM products [] []
[2019-04-06 07:26:46] AlexandraQueryTrace.INFO: SELECT product_id, title, qty, price, categories FROM products [] []
[2019-04-06 07:31:08] AlexandraQueryTrace.INFO: SELECT product_id, title, qty, price, categories FROM products [] []
[2019-04-06 07:38:13] AlexandraQueryTrace.INFO: SELECT product_id, title, qty, price, categories FROM products [] []
[2019-04-06 07:49:32] AlexandraQueryTrace.INFO: SELECT product_id, title, qty, price, categories FROM products [] []
[2019-04-06 07:51:41] AlexandraQueryTrace.INFO: SELECT product_id, title, qty, price, categories FROM products [] []
[2019-04-06 07:52:08] AlexandraQueryTrace.INFO: SELECT product_id, title, qty, price, categories FROM products [] []
[2019-04-06 07:52:08] AlexandraQueryTrace.INFO: INSERT INTO  products ( product_id, title, qty, price, categories ) VALUES ( , New Product, 5, 2,  ) [] []
[2019-04-06 07:53:19] AlexandraQueryTrace.INFO: SELECT product_id, title, qty, price, categories FROM products [] []
[2019-04-06 07:54:02] AlexandraQueryTrace.INFO: SELECT product_id, title, qty, price, categories FROM products [] []
[2019-04-06 07:54:24] AlexandraQueryTrace.INFO: SELECT product_id, title, qty, price, categories FROM products [] []
[2019-04-06 07:54:24] AlexandraQueryTrace.INFO: INSERT INTO  products ( product_id, title, qty, price, categories ) VALUES ( , New Product, 5, 2,  ) [] []
[2019-04-06 07:55:44] AlexandraQueryTrace.INFO: SELECT product_id, title, qty, price, categories FROM products [] []
[2019-04-06 07:56:36] AlexandraQueryTrace.INFO: SELECT product_id, title, qty, price, categories FROM products [] []
[2019-04-06 07:57:19] AlexandraQueryTrace.INFO: SELECT product_id, title, qty, price, categories FROM products [] []
[2019-04-06 07:57:19] AlexandraQueryTrace.INFO: INSERT INTO  products ( product_id, title, qty, price, categories ) VALUES ( , New Product, 5, 2,  ) [] []
[2019-04-06 07:58:06] AlexandraQueryTrace.INFO: SELECT product_id, title, qty, price, categories FROM products [] []
[2019-04-06 07:59:03] AlexandraQueryTrace.INFO: SELECT product_id, title, qty, price, categories FROM products [] []
[2019-04-06 07:59:38] AlexandraQueryTrace.INFO: SELECT product_id, title, qty, price, categories FROM products [] []
[2019-04-06 07:59:38] AlexandraQueryTrace.INFO: INSERT INTO  products ( title, qty, price, categories ) VALUES ( New Product, 5, 2,  ) [] []
[2019-04-06 07:59:51] AlexandraQueryTrace.INFO: SELECT product_id, title, qty, price, categories FROM products [] []
[2019-04-06 07:59:51] AlexandraQueryTrace.INFO: INSERT INTO  products ( title, qty, price, categories ) VALUES ( New Product, 5, 2,  ) [] []
[2019-04-06 08:12:13] AlexandraQueryTrace.INFO: SELECT product_id, title, qty, price, categories FROM products [] []
[2019-04-06 08:12:13] AlexandraQueryTrace.INFO: INSERT INTO  products ( title, qty, price, categories ) VALUES ( New Product, 5, 2,  ) [] []
[2019-04-06 08:12:33] AlexandraQueryTrace.INFO: SELECT product_id, title, qty, price, categories FROM products [] []
[2019-04-06 08:12:33] AlexandraQueryTrace.INFO: INSERT INTO  products ( title, qty, price, categories ) VALUES ( New Product, 5, 2,  ) [] []
[2019-04-06 08:14:45] AlexandraQueryTrace.INFO: SELECT product_id, title, qty, price, categories FROM products [] []
[2019-04-06 08:15:59] AlexandraQueryTrace.INFO: SELECT product_id, title, qty, price, categories FROM products [] []
[2019-04-06 08:16:38] AlexandraQueryTrace.INFO: SELECT product_id, title, qty, price, categories FROM products [] []
[2019-04-06 08:16:57] AlexandraQueryTrace.INFO: SELECT product_id, title, qty, price, categories FROM products [] []
[2019-04-06 08:17:20] AlexandraQueryTrace.INFO: SELECT product_id, title, qty, price, categories FROM products [] []
[2019-04-06 08:25:09] AlexandraQueryTrace.INFO: SELECT product_id, title, qty, price, categories FROM products [] []
[2019-04-06 08:27:03] AlexandraQueryTrace.INFO: SELECT product_id, title, qty, price, categories FROM products [] []
[2019-04-06 08:27:16] AlexandraQueryTrace.INFO: SELECT product_id, title, qty, price, categories FROM products [] []
[2019-04-06 08:29:39] AlexandraQueryTrace.INFO: SELECT product_id, title, qty, price, categories FROM products [] []
[2019-04-06 08:33:27] AlexandraQueryTrace.INFO: SELECT product_id, title, qty, price, categories FROM products [] []
[2019-04-06 08:35:28] AlexandraQueryTrace.INFO: SELECT product_id, title, qty, price, categories FROM products [] []
[2019-04-06 08:35:28] AlexandraQueryTrace.INFO: INSERT INTO  products ( title, qty, price, categories ) VALUES ( :title, :qty, :price, :categories ) [] []
[2019-04-06 08:39:49] AlexandraQueryTrace.INFO: SELECT product_id, title, qty, price, categories FROM products [] []
[2019-04-06 08:39:49] AlexandraQueryTrace.INFO: INSERT INTO  products ( title, qty, price, categories ) VALUES ( :title, :qty, :price, :categories ) [] []
[2019-04-06 08:40:46] AlexandraQueryTrace.INFO: SELECT product_id, title, qty, price, categories FROM products [] []
[2019-04-06 08:40:47] AlexandraQueryTrace.INFO: INSERT INTO  products ( title, qty, price, categories ) VALUES ( New Product, 5, 2,  ) [] []
[2019-04-06 08:41:44] AlexandraQueryTrace.INFO: SELECT product_id, title, qty, price, categories FROM products [] []
[2019-04-06 08:41:45] AlexandraQueryTrace.INFO: INSERT INTO  products ( title, qty, price, categories ) VALUES ( New Product, 5, 2,  ) [] []
[2019-04-06 08:44:04] AlexandraQueryTrace.INFO: SELECT product_id, title, qty, price, categories FROM products [] []
[2019-04-06 08:47:33] AlexandraQueryTrace.INFO: SELECT product_id, title, qty, price, categories FROM products [] []
[2019-04-06 08:48:57] AlexandraQueryTrace.INFO: SELECT product_id, title, qty, price, categories FROM products [] []
[2019-04-06 08:48:57] AlexandraQueryTrace.INFO: INSERT INTO  products ( title, qty, price ) VALUES ( New Product, 5, 2 ) [] []
[2019-04-06 08:52:56] AlexandraQueryTrace.INFO: SELECT product_id, title, qty, price, categories FROM products [] []
[2019-04-06 08:53:50] AlexandraQueryTrace.INFO: SELECT product_id, title, qty, price, categories FROM products [] []
[2019-04-06 08:54:46] AlexandraQueryTrace.INFO: SELECT product_id, title, qty, price, categories FROM products [] []
[2019-04-06 09:20:23] AlexandraQueryTrace.INFO: SELECT product_id, title, qty, price, categories FROM products [] []
[2019-04-06 09:25:43] AlexandraQueryTrace.INFO: SELECT product_id, title, qty, price, categories FROM products [] []
[2019-04-06 09:29:21] AlexandraQueryTrace.INFO: SELECT product_id, title, qty, price, categories FROM products [] []
[2019-04-06 09:35:47] AlexandraQueryTrace.INFO: SELECT product_id, title, qty, price, categories FROM products [] []
[2019-04-06 09:36:59] AlexandraQueryTrace.INFO: SELECT product_id, title, qty, price, categories FROM products [] []
[2019-04-06 09:39:02] AlexandraQueryTrace.INFO: SELECT product_id, title, qty, price, categories FROM products [] []
[2019-04-06 09:40:17] AlexandraQueryTrace.INFO: SELECT product_id, title, qty, price, categories FROM products [] []
[2019-04-06 09:44:02] AlexandraQueryTrace.INFO: SELECT product_id, title, qty, price, categories FROM products [] []
[2019-04-06 09:44:16] AlexandraQueryTrace.INFO: SELECT product_id, title, qty, price, categories FROM products [] []
[2019-04-06 09:47:53] AlexandraQueryTrace.INFO: SELECT product_id, title, qty, price, categories FROM products [] []
[2019-04-06 09:48:22] AlexandraQueryTrace.INFO: SELECT product_id, title, qty, price, categories FROM products [] []
[2019-04-06 09:48:36] AlexandraQueryTrace.INFO: SELECT product_id, title, qty, price, categories FROM products [] []
[2019-04-06 09:49:19] AlexandraQueryTrace.INFO: SELECT product_id, title, qty, price, categories FROM products [] []
[2019-04-06 09:55:24] AlexandraQueryTrace.INFO: SELECT product_id, title, qty, price, categories FROM products [] []
[2019-04-06 09:56:42] AlexandraQueryTrace.INFO: SELECT product_id, title, qty, price, categories FROM products [] []
[2019-04-06 09:57:40] AlexandraQueryTrace.INFO: SELECT product_id, title, qty, price, categories FROM products [] []
[2019-04-06 09:59:09] AlexandraQueryTrace.INFO: SELECT product_id, title, qty, price, categories FROM products [] []
[2019-04-06 09:59:55] AlexandraQueryTrace.INFO: SELECT product_id, title, qty, price, categories FROM products [] []
[2019-04-06 10:02:32] AlexandraQueryTrace.INFO: SELECT product_id, title, qty, price, categories FROM products [] []
[2019-04-06 10:03:21] AlexandraQueryTrace.INFO: SELECT product_id, title, qty, price, categories FROM products [] []
[2019-04-06 10:04:11] AlexandraQueryTrace.INFO: SELECT product_id, title, qty, price, categories FROM products [] []
[2019-04-06 10:05:47] AlexandraQueryTrace.INFO: SELECT product_id, title, qty, price, categories FROM products [] []
[2019-04-06 10:08:10] AlexandraQueryTrace.INFO: SELECT product_id, title, qty, price, categories FROM products [] []
[2019-04-06 10:08:39] AlexandraQueryTrace.INFO: SELECT product_id, title, qty, price, categories FROM products [] []
[2019-04-06 10:09:36] AlexandraQueryTrace.INFO: SELECT product_id, title, qty, price, categories FROM products [] []
[2019-04-06 10:21:23] AlexandraQueryTrace.INFO: SELECT product_id, title, qty, price, categories FROM products [] []
[2019-04-06 10:22:19] AlexandraQueryTrace.INFO: SELECT product_id, title, qty, price, categories FROM products [] []
[2019-04-06 10:23:39] AlexandraQueryTrace.INFO: SELECT product_id, title, qty, price, categories FROM products [] []
[2019-04-06 10:26:10] AlexandraQueryTrace.INFO: SELECT product_id, title, qty, price, categories FROM products [] []
[2019-04-06 10:27:49] AlexandraQueryTrace.INFO: SELECT product_id, title, qty, price, categories FROM products [] []
[2019-04-06 10:28:32] AlexandraQueryTrace.INFO: SELECT product_id, title, qty, price, categories FROM products [] []
[2019-04-06 10:30:42] AlexandraQueryTrace.INFO: SELECT product_id, title, qty, price, categories FROM products [] []
[2019-04-06 15:47:11] AlexandraQueryTrace.INFO: SELECT product_id, title, qty, price, categories FROM products [] []
[2019-04-06 15:49:48] AlexandraQueryTrace.INFO: SELECT product_id, title, qty, price, categories FROM products [] []
[2019-04-06 15:50:02] AlexandraQueryTrace.INFO: SELECT product_id, title, qty, price, categories FROM products [] []
[2019-04-06 15:59:14] AlexandraQueryTrace.INFO: SELECT product_id, title, qty, price, categories FROM products [] []
[2019-04-06 16:19:35] AlexandraQueryTrace.INFO: SELECT  FROM products [] []
[2019-04-06 16:22:14] AlexandraQueryTrace.INFO: SELECT  FROM products [] []
[2019-04-06 16:23:02] AlexandraQueryTrace.INFO: SELECT product_id, categories, price, qty, title FROM products [] []
[2019-04-06 16:23:42] AlexandraQueryTrace.INFO: SELECT  FROM products [] []
[2019-04-06 16:31:18] AlexandraQueryTrace.INFO: SELECT  FROM products [] []
[2019-04-06 16:32:54] AlexandraQueryTrace.INFO: SELECT  FROM products [] []
[2019-04-06 16:35:04] AlexandraQueryTrace.INFO: SELECT  FROM products [] []
[2019-04-06 16:46:15] AlexandraQueryTrace.INFO: SELECT product_id, categories, price, qty, title FROM products [] []
[2019-04-06 16:49:13] AlexandraQueryTrace.INFO: SELECT product_id, categories, price, qty, title FROM products [] []
[2019-04-06 16:49:33] AlexandraQueryTrace.INFO: SELECT product_id, categories, price, qty, title FROM products [] []
[2019-04-06 16:55:41] AlexandraQueryTrace.INFO: SELECT product_id, categories, price, qty, title FROM products [] []
[2019-04-06 16:56:41] AlexandraQueryTrace.INFO: SELECT product_id, categories, price, qty, title FROM products [] []
[2019-04-06 16:57:03] AlexandraQueryTrace.INFO: SELECT product_id, categories, price, qty, title FROM products [] []
[2019-04-06 16:57:42] AlexandraQueryTrace.INFO: SELECT product_id, categories, price, qty, title FROM products [] []
[2019-04-06 17:00:11] AlexandraQueryTrace.INFO: SELECT product_id, categories, price, qty, title FROM products [] []
[2019-04-06 17:03:21] AlexandraQueryTrace.INFO: SELECT product_id, categories, price, qty, title FROM products [] []
[2019-04-06 17:05:21] AlexandraQueryTrace.INFO: SELECT name FROM products [] []
[2019-04-06 17:07:59] AlexandraQueryTrace.INFO: SELECT product_id, categories, price, qty, title FROM products [] []
[2019-04-06 17:11:08] AlexandraQueryTrace.INFO: SELECT product_id, categories, price, qty, title FROM products [] []
[2019-04-06 17:12:16] AlexandraQueryTrace.INFO: SELECT product_id, categories, price, qty, title FROM products [] []
[2019-04-07 05:51:31] AlexandraQueryTrace.INFO: SELECT  FROM products [] []
[2019-04-07 05:57:56] AlexandraQueryTrace.INFO: SELECT  FROM products [] []
[2019-04-07 06:08:58] AlexandraQueryTrace.INFO: SELECT  *  FROM products [] []
[2019-04-07 06:08:58] AlexandraQueryTrace.INFO: INSERT INTO   (  ) VALUES ( : ) [] []
[2019-04-07 06:09:43] AlexandraQueryTrace.INFO: SELECT  *  FROM products [] []
[2019-04-07 06:13:29] AlexandraQueryTrace.INFO: SELECT product_id, categories, price, qty, title FROM products [] []
[2019-04-07 06:13:29] AlexandraQueryTrace.INFO: INSERT INTO   (  ) VALUES ( : ) [] []
[2019-04-07 06:15:50] AlexandraQueryTrace.INFO: SELECT product_id, categories, price, qty, title FROM products [] []
[2019-04-07 06:15:50] AlexandraQueryTrace.INFO: INSERT INTO  test_uuid ( uid, name ) VALUES ( :uuid, Test 1 ) [] []
[2019-04-07 06:17:41] AlexandraQueryTrace.INFO: SELECT product_id, categories, price, qty, title FROM products [] []
[2019-04-07 06:19:47] AlexandraQueryTrace.INFO: SELECT product_id, categories, price, qty, title FROM products [] []
[2019-04-07 06:20:07] AlexandraQueryTrace.INFO: SELECT product_id, categories, price, qty, title FROM products [] []
[2019-04-07 06:20:07] AlexandraQueryTrace.INFO: INSERT INTO  test_uuid ( uid, name ) VALUES ( :uuid, Test 1 ) [] []
[2019-04-07 06:20:39] AlexandraQueryTrace.INFO: SELECT product_id, categories, price, qty, title FROM products [] []
[2019-04-07 06:22:56] AlexandraQueryTrace.INFO: SELECT product_id, categories, price, qty, title FROM products [] []
[2019-04-07 06:23:20] AlexandraQueryTrace.INFO: SELECT product_id, categories, price, qty, title FROM products [] []
[2019-04-07 06:24:56] AlexandraQueryTrace.INFO: SELECT product_id, categories, price, qty, title FROM products [] []
[2019-04-07 06:25:13] AlexandraQueryTrace.INFO: SELECT product_id, categories, price, qty, title FROM products [] []
[2019-04-07 06:26:33] AlexandraQueryTrace.INFO: SELECT product_id, categories, price, qty, title FROM products [] []
[2019-04-07 06:28:09] AlexandraQueryTrace.INFO: SELECT product_id, categories, price, qty, title FROM products [] []
[2019-04-07 06:28:34] AlexandraQueryTrace.INFO: SELECT product_id, categories, price, qty, title FROM products [] []
[2019-04-07 06:28:58] AlexandraQueryTrace.INFO: SELECT product_id, categories, price, qty, title FROM products [] []
[2019-04-07 06:35:33] AlexandraQueryTrace.INFO: SELECT product_id, categories, price, qty, title FROM products [] []
[2019-04-07 06:36:49] AlexandraQueryTrace.INFO: SELECT product_id, categories, price, qty, title FROM products [] []
[2019-04-07 06:36:49] AlexandraQueryTrace.INFO: INSERT INTO  test_uuid ( uid, name ) VALUES ( uuid, Test 1 ) [] []
[2019-04-07 06:37:04] AlexandraQueryTrace.INFO: SELECT product_id, categories, price, qty, title FROM products [] []
[2019-04-07 06:43:41] AlexandraQueryTrace.INFO: SELECT product_id, categories, price, qty, title FROM products [] []
[2019-04-07 06:43:41] AlexandraQueryTrace.INFO: INSERT INTO  test_uuid ( uid, name ) VALUES ( 'uuid',Test 1 ) [] []
[2019-04-07 06:43:47] AlexandraQueryTrace.INFO: SELECT product_id, categories, price, qty, title FROM products [] []
[2019-04-07 06:44:02] AlexandraQueryTrace.INFO: SELECT product_id, categories, price, qty, title FROM products [] []
[2019-04-07 06:44:02] AlexandraQueryTrace.INFO: INSERT INTO  test_uuid ( uid, name ) VALUES ( 'uuid',Test 1 ) [] []
[2019-04-07 06:48:59] AlexandraQueryTrace.INFO: SELECT product_id, categories, price, qty, title FROM products [] []
[2019-04-07 06:50:35] AlexandraQueryTrace.INFO: SELECT product_id, categories, price, qty, title FROM products [] []
[2019-04-07 06:54:02] AlexandraQueryTrace.INFO: SELECT product_id, categories, price, qty, title FROM products [] []
[2019-04-07 06:55:03] AlexandraQueryTrace.INFO: SELECT product_id, categories, price, qty, title FROM products [] []
[2019-04-07 06:55:14] AlexandraQueryTrace.INFO: SELECT product_id, categories, price, qty, title FROM products [] []
[2019-04-07 07:00:34] AlexandraQueryTrace.INFO: SELECT product_id, categories, price, qty, title FROM products [] []
[2019-04-07 07:02:09] AlexandraQueryTrace.INFO: SELECT product_id, categories, price, qty, title FROM products [] []
[2019-04-07 07:03:36] AlexandraQueryTrace.INFO: SELECT product_id, categories, price, qty, title FROM products [] []
[2019-04-07 07:05:35] AlexandraQueryTrace.INFO: SELECT product_id, categories, price, qty, title FROM products [] []
[2019-04-07 07:07:54] AlexandraQueryTrace.INFO: SELECT product_id, categories, price, qty, title FROM products [] []
[2019-04-07 07:08:52] AlexandraQueryTrace.INFO: SELECT product_id, categories, price, qty, title FROM products [] []
[2019-04-07 11:29:39] AlexandraQueryTrace.INFO: SELECT product_id, categories, price, qty, title FROM products [] []
[2019-04-07 11:37:44] AlexandraQueryTrace.INFO: SELECT product_id, categories, price, qty, title FROM products [] []
[2019-04-07 11:38:19] AlexandraQueryTrace.INFO: SELECT product_id, categories, price, qty, title FROM products [] []
[2019-04-07 11:39:07] AlexandraQueryTrace.INFO: SELECT product_id, categories, price, qty, title FROM products [] []
[2019-04-07 11:40:49] AlexandraQueryTrace.INFO: SELECT product_id, categories, price, qty, title FROM products [] []
[2019-04-07 11:43:43] AlexandraQueryTrace.INFO: SELECT product_id, categories, price, qty, title FROM products [] []
[2019-04-07 11:44:53] AlexandraQueryTrace.INFO: SELECT product_id, categories, price, qty, title FROM products [] []
[2019-04-07 11:45:05] AlexandraQueryTrace.INFO: SELECT product_id, categories, price, qty, title FROM products [] []
[2019-04-07 11:47:32] AlexandraQueryTrace.INFO: SELECT product_id, categories, price, qty, title FROM products [] []
[2019-04-07 11:47:48] AlexandraQueryTrace.INFO: SELECT product_id, categories, price, qty, title FROM products [] []
[2019-04-07 11:48:56] AlexandraQueryTrace.INFO: SELECT product_id, categories, price, qty, title FROM products [] []
[2019-04-07 11:49:30] AlexandraQueryTrace.INFO: SELECT product_id, categories, price, qty, title FROM products [] []
[2019-04-07 11:50:14] AlexandraQueryTrace.INFO: SELECT product_id, categories, price, qty, title FROM products [] []
[2019-04-07 11:50:39] AlexandraQueryTrace.INFO: SELECT product_id, categories, price, qty, title FROM products [] []
[2019-04-07 11:50:39] AlexandraQueryTrace.INFO: INSERT INTO  test_uuid ( uid, name ) VALUES ( d6148457-7362-42f0-948b-db97ccfcf933,Test 1 ) [] []
[2019-04-07 12:01:49] AlexandraQueryTrace.INFO: SELECT product_id, categories, price, qty, title FROM products [] []
[2019-04-07 12:02:14] AlexandraQueryTrace.INFO: SELECT product_id, categories, price, qty, title FROM products [] []
[2019-04-07 12:02:14] AlexandraQueryTrace.INFO: INSERT INTO  test_uuid ( uid, name ) VALUES ( 1945fc8d-6eb5-4442-b4c0-067969efac44,Test 1 ) [] []
[2019-04-07 12:05:58] AlexandraQueryTrace.INFO: SELECT product_id, categories, price, qty, title FROM products [] []
[2019-04-07 12:05:58] AlexandraQueryTrace.INFO: INSERT INTO  products ( product_id, categories, price, qty, title ) VALUES ( 'int','set',2,5,New Product ) [] []
[2019-04-07 12:07:35] AlexandraQueryTrace.INFO: SELECT product_id, categories, price, qty, title FROM products [] []
[2019-04-07 12:09:54] AlexandraQueryTrace.INFO: SELECT product_id, categories, price, qty, title FROM products [] []
[2019-04-07 12:12:15] AlexandraQueryTrace.INFO: SELECT product_id, categories, price, qty, title FROM products [] []
[2019-04-07 12:12:38] AlexandraQueryTrace.INFO: SELECT product_id, categories, price, qty, title FROM products [] []
[2019-04-07 12:12:38] AlexandraQueryTrace.INFO: INSERT INTO  products ( product_id, categories, price, qty, title ) VALUES ( 1,Array,2,5,New Product ) [] []
[2019-04-07 12:13:29] AlexandraQueryTrace.INFO: SELECT product_id, categories, price, qty, title FROM products [] []
[2019-04-07 12:13:29] AlexandraQueryTrace.INFO: INSERT INTO  products ( product_id, categories, price, qty, title ) VALUES ( 1,Array,2,5,New Product ) [] []
[2019-04-07 12:15:48] AlexandraQueryTrace.INFO:  [] []
[2019-04-07 12:15:48] AlexandraQueryTrace.INFO:  [] []
